F821 Undefined name `asyncio`
   --> tcbot/database/warns_db.py:134:21
    |
132 | async def clear_warns(user_id: int, chat_id: int) -> int:
133 |     """Remove ALL warnings for a user in a specific chat."""
134 |     results = await asyncio.gather(
    |                     ^^^^^^^
135 |         _warns().delete_many(_warn_key(user_id, chat_id)),
136 |         _warn_counts().delete_one(_warn_key(user_id, chat_id)),
    |

F821 Undefined name `asyncio`
   --> tcbot/database/warns_db.py:160:24
    |
159 |     # Delete warn and update counter in parallel
160 |     _, counter = await asyncio.gather(
    |                        ^^^^^^^
161 |         _warns().delete_one({"_id": doc["_id"]}),
162 |         _warn_counts().find_one_and_update(
    |

Found 3 errors (1 fixed, 2 remaining).
